d:\learning\qt---program\maze_01 - 副本\win32\debug\smallmap.obj
d:\learning\qt---program\maze_01 - 副本\win32\debug\block.obj
d:\learning\qt---program\maze_01 - 副本\win32\debug\widget.obj
d:\learning\qt---program\maze_01 - 副本\win32\debug\game_control.obj
d:\learning\qt---program\maze_01 - 副本\win32\debug\prim.obj
d:\learning\qt---program\maze_01 - 副本\win32\debug\moc_smallmap.obj
d:\learning\qt---program\maze_01 - 副本\win32\debug\maze_model.obj
d:\learning\qt---program\maze_01 - 副本\win32\debug\moc_widget.obj
d:\learning\qt---program\maze_01 - 副本\win32\debug\viewer.obj
d:\learning\qt---program\maze_01 - 副本\win32\debug\main.obj
d:\learning\qt---program\maze_01 - 副本\win32\debug\player.obj
d:\learning\qt---program\maze_01 - 副本\win32\debug\moc_viewer.obj
d:\learning\qt---program\maze_01 - 副本\win32\debug\vc141.pdb
d:\learning\qt---program\maze_01 - 副本\debug\moc_predefs.h
d:\learning\qt---program\maze_01 - 副本\debug\maze_01.exe
d:\learning\qt---program\maze_01 - 副本\debug\maze_01.pdb
d:\learning\qt---program\maze_01 - 副本\ui_widget.h
d:\learning\qt---program\maze_01 - 副本\debug\moc_smallmap.cpp
d:\learning\qt---program\maze_01 - 副本\debug\moc_viewer.cpp
d:\learning\qt---program\maze_01 - 副本\debug\moc_widget.cpp
d:\learning\qt---program\maze_01 - 副本\win32\debug\maze_01.tlog\cl.14532.write.1.tlog
d:\learning\qt---program\maze_01 - 副本\win32\debug\maze_01.tlog\cl.command.1.tlog
d:\learning\qt---program\maze_01 - 副本\win32\debug\maze_01.tlog\cl.read.1.tlog
d:\learning\qt---program\maze_01 - 副本\win32\debug\maze_01.tlog\custombuild.command.1.tlog
d:\learning\qt---program\maze_01 - 副本\win32\debug\maze_01.tlog\custombuild.read.1.tlog
d:\learning\qt---program\maze_01 - 副本\win32\debug\maze_01.tlog\custombuild.write.1.tlog
d:\learning\qt---program\maze_01 - 副本\win32\debug\maze_01.tlog\link.command.1.tlog
d:\learning\qt---program\maze_01 - 副本\win32\debug\maze_01.tlog\link.read.1.tlog
d:\learning\qt---program\maze_01 - 副本\win32\debug\maze_01.tlog\link.write.1.tlog
d:\learning\qt---program\maze_01 - 副本\win32\debug\maze_01.tlog\maze_01.write.1u.tlog
d:\learning\qt---program\maze_01 - 副本\win32\debug\maze_01.tlog\moc.read.1u.tlog
d:\learning\qt---program\maze_01 - 副本\win32\debug\maze_01.tlog\moc.write.1u.tlog
d:\learning\qt---program\maze_01 - 副本\win32\debug\maze_01.tlog\uic.read.1u.tlog
d:\learning\qt---program\maze_01 - 副本\win32\debug\maze_01.tlog\uic.write.1u.tlog
