d:\learning\qt---program\maze_01 - 副本\win32\release\block.obj
d:\learning\qt---program\maze_01 - 副本\win32\release\widget.obj
d:\learning\qt---program\maze_01 - 副本\win32\release\game_control.obj
d:\learning\qt---program\maze_01 - 副本\win32\release\viewer.obj
d:\learning\qt---program\maze_01 - 副本\win32\release\player.obj
d:\learning\qt---program\maze_01 - 副本\win32\release\moc_viewer.obj
d:\learning\qt---program\maze_01 - 副本\win32\release\smallmap.obj
d:\learning\qt---program\maze_01 - 副本\win32\release\main.obj
d:\learning\qt---program\maze_01 - 副本\win32\release\prim.obj
d:\learning\qt---program\maze_01 - 副本\win32\release\moc_smallmap.obj
d:\learning\qt---program\maze_01 - 副本\win32\release\maze_model.obj
d:\learning\qt---program\maze_01 - 副本\win32\release\moc_widget.obj
d:\learning\qt---program\maze_01 - 副本\release\moc_predefs.h
d:\learning\qt---program\maze_01 - 副本\release\maze_01.exe
d:\learning\qt---program\maze_01 - 副本\ui_widget.h
d:\learning\qt---program\maze_01 - 副本\release\moc_smallmap.cpp
d:\learning\qt---program\maze_01 - 副本\release\moc_viewer.cpp
d:\learning\qt---program\maze_01 - 副本\release\moc_widget.cpp
d:\learning\qt---program\maze_01 - 副本\win32\release\resourcehandlingtask.state
d:\learning\qt---program\maze_01 - 副本\win32\release\maze_01.vcxproj.generateresource.cache
d:\learning\qt---program\maze_01 - 副本\win32\release\priconfig.xml
d:\learning\qt---program\maze_01 - 副本\win32\release\priconfig.xml.intermediate
d:\learning\qt---program\maze_01 - 副本\win32\release\unfiltered.layout.resfiles
d:\learning\qt---program\maze_01 - 副本\win32\release\unfiltered.layout.resfiles.intermediate
d:\learning\qt---program\maze_01 - 副本\win32\release\filtered.layout.resfiles
d:\learning\qt---program\maze_01 - 副本\win32\release\filtered.layout.resfiles.intermediate
d:\learning\qt---program\maze_01 - 副本\win32\release\excluded.layout.resfiles
d:\learning\qt---program\maze_01 - 副本\win32\release\excluded.layout.resfiles.intermediate
d:\learning\qt---program\maze_01 - 副本\win32\release\resources.resfiles
d:\learning\qt---program\maze_01 - 副本\win32\release\resources.resfiles.intermediate
d:\learning\qt---program\maze_01 - 副本\win32\release\pri.resfiles
d:\learning\qt---program\maze_01 - 副本\win32\release\pri.resfiles.intermediate
d:\learning\qt---program\maze_01 - 副本\release\resources.pri
d:\learning\qt---program\maze_01 - 副本\win32\release\qualifiers.txt
d:\learning\qt---program\maze_01 - 副本\win32\release\qualifiers.txt.intermediate
d:\learning\qt---program\maze_01 - 副本\win32\release\multiplequalifiersperdimensionfound.txt
d:\learning\qt---program\maze_01 - 副本\win32\release\projectarchitectures.txt
d:\learning\qt---program\maze_01 - 副本\release\appxmanifest.xml
d:\learning\qt---program\maze_01 - 副本\release\maze_01.build.appxrecipe
d:\learning\qt---program\maze_01 - 副本\win32\release\maze_01.tlog\cl.10224.write.1.tlog
d:\learning\qt---program\maze_01 - 副本\win32\release\maze_01.tlog\cl.command.1.tlog
d:\learning\qt---program\maze_01 - 副本\win32\release\maze_01.tlog\cl.read.1.tlog
d:\learning\qt---program\maze_01 - 副本\win32\release\maze_01.tlog\custombuild.command.1.tlog
d:\learning\qt---program\maze_01 - 副本\win32\release\maze_01.tlog\custombuild.read.1.tlog
d:\learning\qt---program\maze_01 - 副本\win32\release\maze_01.tlog\custombuild.write.1.tlog
d:\learning\qt---program\maze_01 - 副本\win32\release\maze_01.tlog\link.command.1.tlog
d:\learning\qt---program\maze_01 - 副本\win32\release\maze_01.tlog\link.read.1.tlog
d:\learning\qt---program\maze_01 - 副本\win32\release\maze_01.tlog\link.write.1.tlog
d:\learning\qt---program\maze_01 - 副本\win32\release\maze_01.tlog\maze_01.read.1u.tlog
d:\learning\qt---program\maze_01 - 副本\win32\release\maze_01.tlog\maze_01.write.1u.tlog
d:\learning\qt---program\maze_01 - 副本\win32\release\maze_01.tlog\moc.read.1u.tlog
d:\learning\qt---program\maze_01 - 副本\win32\release\maze_01.tlog\moc.write.1u.tlog
d:\learning\qt---program\maze_01 - 副本\win32\release\maze_01.tlog\uic.read.1u.tlog
d:\learning\qt---program\maze_01 - 副本\win32\release\maze_01.tlog\uic.write.1u.tlog
